<?xml version="1.0" encoding="UTF-8"?>
<!-- Generated by org.testng.reporters.JUnitXMLReporter -->
<testsuite hostname="DESKTOP-B8PJ5UK" ignored="0" name="Test" tests="2" failures="2" timestamp="2022-04-29T11:31:57 IST" time="71.218" errors="0">
  <testcase name="Registration" time="33.181" classname="com.w2automation.TestCases.TC01_Registration">
    <failure type="java.lang.AssertionError" message="null">
      <![CDATA[java.lang.AssertionError: null
at com.w2automation.pages.RegistrationPage.enterfname(RegistrationPage.java:89)
at com.w2automation.TestCases.TC01_Registration.Registration(TC01_Registration.java:26)
at java.util.ArrayList.forEach(ArrayList.java:1259)
... Removed 29 stack frames]]>
    </failure>
  </testcase> <!-- Registration -->
  <testcase name="Registration" time="24.397" classname="com.w2automation.TestCases.TC01_Registration">
    <failure type="java.lang.AssertionError" message="null">
      <![CDATA[java.lang.AssertionError: null
at com.w2automation.pages.RegistrationPage.clickSignIn(RegistrationPage.java:37)
at com.w2automation.TestCases.TC01_Registration.Registration(TC01_Registration.java:21)
at java.util.ArrayList.forEach(ArrayList.java:1259)
... Removed 29 stack frames]]>
    </failure>
  </testcase> <!-- Registration -->
</testsuite> <!-- Test -->
