<?xml version="1.0" encoding="UTF-8"?>
<testng-results skipped="0" failed="0" ignored="0" total="4" passed="4">
  <reporter-output>
  </reporter-output>
  <suite name="Suite" duration-ms="86411" started-at="2022-04-29T14:41:33 IST" finished-at="2022-04-29T14:42:59 IST">
    <groups>
    </groups>
    <test name="Test" duration-ms="47471" started-at="2022-04-29T14:41:33 IST" finished-at="2022-04-29T14:42:20 IST">
      <class name="com.w2automation.TestCases.TC01_Registration">
        <test-method status="PASS" signature="InitializeBrowser()[pri:0, instance:com.w2automation.TestCases.TC01_Registration@21e360a]" name="InitializeBrowser" is-config="true" duration-ms="15544" started-at="2022-04-29T14:41:33 IST" finished-at="2022-04-29T14:41:48 IST">
          <reporter-output>
          </reporter-output>
        </test-method> <!-- InitializeBrowser -->
        <test-method status="PASS" signature="Registration(java.util.Hashtable)[pri:1, instance:com.w2automation.TestCases.TC01_Registration@21e360a]" name="Registration" duration-ms="16256" started-at="2022-04-29T14:41:48 IST" data-provider="dp1" finished-at="2022-04-29T14:42:05 IST">
          <params>
            <param index="0">
              <value>
                <![CDATA[{fname=fname, Email=t150@yopmail.com, postcode=00000, Address=Address1,Address2,Address3, phone=123456789, lname=lname, City=Ahm, pass=t123456, State=Alabama}]]>
              </value>
            </param>
          </params>
          <reporter-output>
          </reporter-output>
        </test-method> <!-- Registration -->
        <test-method status="PASS" signature="Registration(java.util.Hashtable)[pri:1, instance:com.w2automation.TestCases.TC01_Registration@21e360a]" name="Registration" duration-ms="15021" started-at="2022-04-29T14:42:05 IST" data-provider="dp1" finished-at="2022-04-29T14:42:20 IST">
          <params>
            <param index="0">
              <value>
                <![CDATA[{fname=fname, Email=t151@yopmail.com, postcode=00000, Address=Address1,Address2,Address3, phone=123456789, lname=lname, City=Ahm, pass=t123456, State=Alabama}]]>
              </value>
            </param>
          </params>
          <reporter-output>
          </reporter-output>
        </test-method> <!-- Registration -->
        <test-method status="PASS" signature="closeBrowser()[pri:0, instance:com.w2automation.TestCases.TC01_Registration@21e360a]" name="closeBrowser" is-config="true" duration-ms="609" started-at="2022-04-29T14:42:20 IST" finished-at="2022-04-29T14:42:20 IST">
          <reporter-output>
          </reporter-output>
        </test-method> <!-- closeBrowser -->
      </class> <!-- com.w2automation.TestCases.TC01_Registration -->
    </test> <!-- Test -->
    <test name="Test2" duration-ms="38926" started-at="2022-04-29T14:42:20 IST" finished-at="2022-04-29T14:42:59 IST">
      <class name="com.w2automation.TestCases.TC02_Login">
        <test-method status="PASS" signature="InitializeBrowser()[pri:0, instance:com.w2automation.TestCases.TC02_Login@7bab3f1a]" name="InitializeBrowser" is-config="true" duration-ms="16787" started-at="2022-04-29T14:42:20 IST" finished-at="2022-04-29T14:42:37 IST">
          <reporter-output>
          </reporter-output>
        </test-method> <!-- InitializeBrowser -->
        <test-method status="PASS" signature="login(java.util.Hashtable)[pri:1, instance:com.w2automation.TestCases.TC02_Login@7bab3f1a]" name="login" duration-ms="10176" started-at="2022-04-29T14:42:37 IST" data-provider="dp1" finished-at="2022-04-29T14:42:47 IST">
          <params>
            <param index="0">
              <value>
                <![CDATA[{Pass=t123456, Email=t150@yopmail.com}]]>
              </value>
            </param>
          </params>
          <reporter-output>
          </reporter-output>
        </test-method> <!-- login -->
        <test-method status="PASS" signature="login(java.util.Hashtable)[pri:1, instance:com.w2automation.TestCases.TC02_Login@7bab3f1a]" name="login" duration-ms="11426" started-at="2022-04-29T14:42:47 IST" data-provider="dp1" finished-at="2022-04-29T14:42:59 IST">
          <params>
            <param index="0">
              <value>
                <![CDATA[{Pass=t123456, Email=t151@yopmail.com}]]>
              </value>
            </param>
          </params>
          <reporter-output>
          </reporter-output>
        </test-method> <!-- login -->
        <test-method status="PASS" signature="closeBrowser()[pri:0, instance:com.w2automation.TestCases.TC02_Login@7bab3f1a]" name="closeBrowser" is-config="true" duration-ms="536" started-at="2022-04-29T14:42:59 IST" finished-at="2022-04-29T14:42:59 IST">
          <reporter-output>
          </reporter-output>
        </test-method> <!-- closeBrowser -->
      </class> <!-- com.w2automation.TestCases.TC02_Login -->
    </test> <!-- Test2 -->
  </suite> <!-- Suite -->
</testng-results>
